Line 18: Class Project1.TrayControl of control TrayControl1 was not a loaded control class.
Line 25: Class MediaPlayerCtl.MediaPlayer of control MediaPlayer2 was not a loaded control class.
Line 95: Class MediaPlayerCtl.MediaPlayer of control MediaPlayer1 was not a loaded control class.
Line 160: Class MSComDlg.CommonDialog of control CommonDialog1 was not a loaded control class.
Line 21: The property name _ExtentX in TrayControl1 is invalid.
Line 22: The property name _ExtentY in TrayControl1 is invalid.
Line 31: The property name AudioStream in MediaPlayer2 is invalid.
Line 33: The property name AutoStart in MediaPlayer2 is invalid.
Line 34: The property name AnimationAtStart in MediaPlayer2 is invalid.
Line 35: The property name AllowScan in MediaPlayer2 is invalid.
Line 36: The property name AllowChangeDisplaySize in MediaPlayer2 is invalid.
Line 37: The property name AutoRewind in MediaPlayer2 is invalid.
Line 38: The property name Balance in MediaPlayer2 is invalid.
Line 39: The property name BaseURL in MediaPlayer2 is invalid.
Line 40: The property name BufferingTime in MediaPlayer2 is invalid.
Line 41: The property name CaptioningID in MediaPlayer2 is invalid.
Line 42: The property name ClickToPlay in MediaPlayer2 is invalid.
Line 43: The property name CursorType in MediaPlayer2 is invalid.
Line 44: The property name CurrentPosition in MediaPlayer2 is invalid.
Line 45: The property name CurrentMarker in MediaPlayer2 is invalid.
Line 46: The property name DefaultFrame in MediaPlayer2 is invalid.
Line 47: The property name DisplayBackColor in MediaPlayer2 is invalid.
Line 48: The property name DisplayForeColor in MediaPlayer2 is invalid.
Line 49: The property name DisplayMode in MediaPlayer2 is invalid.
Line 50: The property name DisplaySize in MediaPlayer2 is invalid.
Line 52: The property name EnableContextMenu in MediaPlayer2 is invalid.
Line 53: The property name EnablePositionControls in MediaPlayer2 is invalid.
Line 54: The property name EnableFullScreenControls in MediaPlayer2 is invalid.
Line 55: The property name EnableTracker in MediaPlayer2 is invalid.
Line 56: The property name Filename in MediaPlayer2 is invalid.
Line 57: The property name InvokeURLs in MediaPlayer2 is invalid.
Line 58: The property name Language in MediaPlayer2 is invalid.
Line 59: The property name Mute in MediaPlayer2 is invalid.
Line 60: The property name PlayCount in MediaPlayer2 is invalid.
Line 61: The property name PreviewMode in MediaPlayer2 is invalid.
Line 62: The property name Rate in MediaPlayer2 is invalid.
Line 63: The property name SAMILang in MediaPlayer2 is invalid.
Line 64: The property name SAMIStyle in MediaPlayer2 is invalid.
Line 65: The property name SAMIFileName in MediaPlayer2 is invalid.
Line 66: The property name SelectionStart in MediaPlayer2 is invalid.
Line 67: The property name SelectionEnd in MediaPlayer2 is invalid.
Line 68: The property name SendOpenStateChangeEvents in MediaPlayer2 is invalid.
Line 69: The property name SendWarningEvents in MediaPlayer2 is invalid.
Line 70: The property name SendErrorEvents in MediaPlayer2 is invalid.
Line 71: The property name SendKeyboardEvents in MediaPlayer2 is invalid.
Line 72: The property name SendMouseClickEvents in MediaPlayer2 is invalid.
Line 73: The property name SendMouseMoveEvents in MediaPlayer2 is invalid.
Line 74: The property name SendPlayStateChangeEvents in MediaPlayer2 is invalid.
Line 75: The property name ShowCaptioning in MediaPlayer2 is invalid.
Line 76: The property name ShowControls in MediaPlayer2 is invalid.
Line 77: The property name ShowAudioControls in MediaPlayer2 is invalid.
Line 78: The property name ShowDisplay in MediaPlayer2 is invalid.
Line 79: The property name ShowGotoBar in MediaPlayer2 is invalid.
Line 80: The property name ShowPositionControls in MediaPlayer2 is invalid.
Line 81: The property name ShowStatusBar in MediaPlayer2 is invalid.
Line 82: The property name ShowTracker in MediaPlayer2 is invalid.
Line 83: The property name TransparentAtStart in MediaPlayer2 is invalid.
Line 84: The property name VideoBorderWidth in MediaPlayer2 is invalid.
Line 85: The property name VideoBorderColor in MediaPlayer2 is invalid.
Line 86: The property name VideoBorder3D in MediaPlayer2 is invalid.
Line 87: The property name Volume in MediaPlayer2 is invalid.
Line 88: The property name WindowlessVideo in MediaPlayer2 is invalid.
Line 101: The property name AudioStream in MediaPlayer1 is invalid.
Line 103: The property name AutoStart in MediaPlayer1 is invalid.
Line 104: The property name AnimationAtStart in MediaPlayer1 is invalid.
Line 105: The property name AllowScan in MediaPlayer1 is invalid.
Line 106: The property name AllowChangeDisplaySize in MediaPlayer1 is invalid.
Line 107: The property name AutoRewind in MediaPlayer1 is invalid.
Line 108: The property name Balance in MediaPlayer1 is invalid.
Line 109: The property name BaseURL in MediaPlayer1 is invalid.
Line 110: The property name BufferingTime in MediaPlayer1 is invalid.
Line 111: The property name CaptioningID in MediaPlayer1 is invalid.
Line 112: The property name ClickToPlay in MediaPlayer1 is invalid.
Line 113: The property name CursorType in MediaPlayer1 is invalid.
Line 114: The property name CurrentPosition in MediaPlayer1 is invalid.
Line 115: The property name CurrentMarker in MediaPlayer1 is invalid.
Line 116: The property name DefaultFrame in MediaPlayer1 is invalid.
Line 117: The property name DisplayBackColor in MediaPlayer1 is invalid.
Line 118: The property name DisplayForeColor in MediaPlayer1 is invalid.
Line 119: The property name DisplayMode in MediaPlayer1 is invalid.
Line 120: The property name DisplaySize in MediaPlayer1 is invalid.
Line 122: The property name EnableContextMenu in MediaPlayer1 is invalid.
Line 123: The property name EnablePositionControls in MediaPlayer1 is invalid.
Line 124: The property name EnableFullScreenControls in MediaPlayer1 is invalid.
Line 125: The property name EnableTracker in MediaPlayer1 is invalid.
Line 126: The property name Filename in MediaPlayer1 is invalid.
Line 127: The property name InvokeURLs in MediaPlayer1 is invalid.
Line 128: The property name Language in MediaPlayer1 is invalid.
Line 129: The property name Mute in MediaPlayer1 is invalid.
Line 130: The property name PlayCount in MediaPlayer1 is invalid.
Line 131: The property name PreviewMode in MediaPlayer1 is invalid.
Line 132: The property name Rate in MediaPlayer1 is invalid.
Line 133: The property name SAMILang in MediaPlayer1 is invalid.
Line 134: The property name SAMIStyle in MediaPlayer1 is invalid.
Line 135: The property name SAMIFileName in MediaPlayer1 is invalid.
Line 136: The property name SelectionStart in MediaPlayer1 is invalid.
Line 137: The property name SelectionEnd in MediaPlayer1 is invalid.
Line 138: The property name SendOpenStateChangeEvents in MediaPlayer1 is invalid.
Line 139: The property name SendWarningEvents in MediaPlayer1 is invalid.
Line 140: The property name SendErrorEvents in MediaPlayer1 is invalid.
Line 141: The property name SendKeyboardEvents in MediaPlayer1 is invalid.
Line 142: The property name SendMouseClickEvents in MediaPlayer1 is invalid.
Line 143: The property name SendMouseMoveEvents in MediaPlayer1 is invalid.
Line 144: The property name SendPlayStateChangeEvents in MediaPlayer1 is invalid.
Line 145: The property name ShowCaptioning in MediaPlayer1 is invalid.
Line 146: The property name ShowControls in MediaPlayer1 is invalid.
Line 147: The property name ShowAudioControls in MediaPlayer1 is invalid.
Line 148: The property name ShowDisplay in MediaPlayer1 is invalid.
Line 149: The property name ShowGotoBar in MediaPlayer1 is invalid.
Line 150: The property name ShowPositionControls in MediaPlayer1 is invalid.
Line 151: The property name ShowStatusBar in MediaPlayer1 is invalid.
Line 152: The property name ShowTracker in MediaPlayer1 is invalid.
Line 153: The property name TransparentAtStart in MediaPlayer1 is invalid.
Line 154: The property name VideoBorderWidth in MediaPlayer1 is invalid.
Line 155: The property name VideoBorderColor in MediaPlayer1 is invalid.
Line 156: The property name VideoBorder3D in MediaPlayer1 is invalid.
Line 157: The property name Volume in MediaPlayer1 is invalid.
Line 158: The property name WindowlessVideo in MediaPlayer1 is invalid.
Line 163: The property name _ExtentX in CommonDialog1 is invalid.
Line 164: The property name _ExtentY in CommonDialog1 is invalid.
Line 165: The property name _Version in CommonDialog1 is invalid.
