Line 19: Class ComctlLib.Toolbar of control Toolbar1 was not a loaded control class.
Line 99: Class MediaPlayerCtl.MediaPlayer of control MediaPlayer1 was not a loaded control class.
Line 177: Class ComctlLib.ProgressBar of control ProgressBar1 was not a loaded control class.
Line 845: Class MSComDlg.CommonDialog of control CommonDialog1 was not a loaded control class.
Line 1930: Class ComctlLib.ImageList of control ImageList2 was not a loaded control class.
Line 26: The property name _ExtentX in Toolbar1 is invalid.
Line 27: The property name _ExtentY in Toolbar1 is invalid.
Line 28: The property name ButtonWidth in Toolbar1 is invalid.
Line 29: The property name ButtonHeight in Toolbar1 is invalid.
Line 31: The property name ImageList in Toolbar1 is invalid.
Line 32: The property name _Version in Toolbar1 is invalid.
Line 91: The property name Buttons in Toolbar1 is invalid.
Line 105: The property name AudioStream in MediaPlayer1 is invalid.
Line 107: The property name AutoStart in MediaPlayer1 is invalid.
Line 108: The property name AnimationAtStart in MediaPlayer1 is invalid.
Line 109: The property name AllowScan in MediaPlayer1 is invalid.
Line 110: The property name AllowChangeDisplaySize in MediaPlayer1 is invalid.
Line 111: The property name AutoRewind in MediaPlayer1 is invalid.
Line 112: The property name Balance in MediaPlayer1 is invalid.
Line 113: The property name BaseURL in MediaPlayer1 is invalid.
Line 114: The property name BufferingTime in MediaPlayer1 is invalid.
Line 115: The property name CaptioningID in MediaPlayer1 is invalid.
Line 116: The property name ClickToPlay in MediaPlayer1 is invalid.
Line 117: The property name CursorType in MediaPlayer1 is invalid.
Line 118: The property name CurrentPosition in MediaPlayer1 is invalid.
Line 119: The property name CurrentMarker in MediaPlayer1 is invalid.
Line 120: The property name DefaultFrame in MediaPlayer1 is invalid.
Line 121: The property name DisplayBackColor in MediaPlayer1 is invalid.
Line 122: The property name DisplayForeColor in MediaPlayer1 is invalid.
Line 123: The property name DisplayMode in MediaPlayer1 is invalid.
Line 124: The property name DisplaySize in MediaPlayer1 is invalid.
Line 126: The property name EnableContextMenu in MediaPlayer1 is invalid.
Line 127: The property name EnablePositionControls in MediaPlayer1 is invalid.
Line 128: The property name EnableFullScreenControls in MediaPlayer1 is invalid.
Line 129: The property name EnableTracker in MediaPlayer1 is invalid.
Line 130: The property name Filename in MediaPlayer1 is invalid.
Line 131: The property name InvokeURLs in MediaPlayer1 is invalid.
Line 132: The property name Language in MediaPlayer1 is invalid.
Line 133: The property name Mute in MediaPlayer1 is invalid.
Line 134: The property name PlayCount in MediaPlayer1 is invalid.
Line 135: The property name PreviewMode in MediaPlayer1 is invalid.
Line 136: The property name Rate in MediaPlayer1 is invalid.
Line 137: The property name SAMILang in MediaPlayer1 is invalid.
Line 138: The property name SAMIStyle in MediaPlayer1 is invalid.
Line 139: The property name SAMIFileName in MediaPlayer1 is invalid.
Line 140: The property name SelectionStart in MediaPlayer1 is invalid.
Line 141: The property name SelectionEnd in MediaPlayer1 is invalid.
Line 142: The property name SendOpenStateChangeEvents in MediaPlayer1 is invalid.
Line 143: The property name SendWarningEvents in MediaPlayer1 is invalid.
Line 144: The property name SendErrorEvents in MediaPlayer1 is invalid.
Line 145: The property name SendKeyboardEvents in MediaPlayer1 is invalid.
Line 146: The property name SendMouseClickEvents in MediaPlayer1 is invalid.
Line 147: The property name SendMouseMoveEvents in MediaPlayer1 is invalid.
Line 148: The property name SendPlayStateChangeEvents in MediaPlayer1 is invalid.
Line 149: The property name ShowCaptioning in MediaPlayer1 is invalid.
Line 150: The property name ShowControls in MediaPlayer1 is invalid.
Line 151: The property name ShowAudioControls in MediaPlayer1 is invalid.
Line 152: The property name ShowDisplay in MediaPlayer1 is invalid.
Line 153: The property name ShowGotoBar in MediaPlayer1 is invalid.
Line 154: The property name ShowPositionControls in MediaPlayer1 is invalid.
Line 155: The property name ShowStatusBar in MediaPlayer1 is invalid.
Line 156: The property name ShowTracker in MediaPlayer1 is invalid.
Line 157: The property name TransparentAtStart in MediaPlayer1 is invalid.
Line 158: The property name VideoBorderWidth in MediaPlayer1 is invalid.
Line 159: The property name VideoBorderColor in MediaPlayer1 is invalid.
Line 160: The property name VideoBorder3D in MediaPlayer1 is invalid.
Line 161: The property name Volume in MediaPlayer1 is invalid.
Line 162: The property name WindowlessVideo in MediaPlayer1 is invalid.
Line 183: The property name _ExtentX in ProgressBar1 is invalid.
Line 184: The property name _ExtentY in ProgressBar1 is invalid.
Line 185: The property name _Version in ProgressBar1 is invalid.
Line 848: The property name _ExtentX in CommonDialog1 is invalid.
Line 849: The property name _ExtentY in CommonDialog1 is invalid.
Line 850: The property name _Version in CommonDialog1 is invalid.
Line 851: The property name Filter in CommonDialog1 is invalid.
Line 1933: The property name _ExtentX in ImageList2 is invalid.
Line 1934: The property name _ExtentY in ImageList2 is invalid.
Line 1936: The property name ImageWidth in ImageList2 is invalid.
Line 1937: The property name ImageHeight in ImageList2 is invalid.
Line 1938: The property name MaskColor in ImageList2 is invalid.
Line 1939: The property name _Version in ImageList2 is invalid.
Line 1998: The property name Images in ImageList2 is invalid.
